This is pdfTeX, Version 3.1415926-2.5-1.40.14 (TeX Live 2013/Debian) (format=pdflatex 2014.11.11)  20 FEB 2015 14:05
entering extended mode
 restricted \write18 enabled.
 %&-line parsing enabled.
**\nonstopmode \input{berekeningenschoof.tex}
(./berekeningenschoof.tex
(/usr/share/texlive/texmf-dist/tex/latex/base/article.cls
Document Class: article 2007/10/19 v1.4h Standard LaTeX document class
(/usr/share/texlive/texmf-dist/tex/latex/base/size10.clo
File: size10.clo 2007/10/19 v1.4h Standard LaTeX file (size option)
)
\c@part=\count79
\c@section=\count80
\c@subsection=\count81
\c@subsubsection=\count82
\c@paragraph=\count83
\c@subparagraph=\count84
\c@figure=\count85
\c@table=\count86
\abovecaptionskip=\skip41
\belowcaptionskip=\skip42
\bibindent=\dimen102
)
(./berekeningenschoof.aux)
\openout1 = `berekeningenschoof.aux'.

LaTeX Font Info:    Checking defaults for OML/cmm/m/it on input line 3.
LaTeX Font Info:    ... okay on input line 3.
LaTeX Font Info:    Checking defaults for T1/cmr/m/n on input line 3.
LaTeX Font Info:    ... okay on input line 3.
LaTeX Font Info:    Checking defaults for OT1/cmr/m/n on input line 3.
LaTeX Font Info:    ... okay on input line 3.
LaTeX Font Info:    Checking defaults for OMS/cmsy/m/n on input line 3.
LaTeX Font Info:    ... okay on input line 3.
LaTeX Font Info:    Checking defaults for OMX/cmex/m/n on input line 3.
LaTeX Font Info:    ... okay on input line 3.
LaTeX Font Info:    Checking defaults for U/cmr/m/n on input line 3.
LaTeX Font Info:    ... okay on input line 3.
LaTeX Font Info:    External font `cmex10' loaded for size
(Font)              <7> on input line 6.
LaTeX Font Info:    External font `cmex10' loaded for size
(Font)              <5> on input line 6.
LaTeX Font Info:    Try loading font information for OMS+cmr on input line 14.

(/usr/share/texlive/texmf-dist/tex/latex/base/omscmr.fd
File: omscmr.fd 1999/05/25 v2.5h Standard LaTeX font definitions
)
LaTeX Font Info:    Font shape `OMS/cmr/m/n' in size <10> not available
(Font)              Font shape `OMS/cmsy/m/n' tried instead on input line 14.
 [1

{/var/lib/texmf/fonts/map/pdftex/updmap/pdftex.map}]
Underfull \hbox (badness 10000) in paragraph at lines 50--52

 []

[2]
Underfull \hbox (badness 10000) in paragraph at lines 62--64

 []


Overfull \hbox (58.34853pt too wide) detected at line 81
\OMS/cmsy/m/n/10 ) \OT1/cmr/m/n/10 4\OML/cmm/m/it/10 y[] []\OT1/cmr/m/n/10 (\OM
S/cmsy/m/n/10 ^^@\OML/cmm/m/it/10 ^^L[]y[] \OMS/cmsy/m/n/10 ^^@ \OML/cmm/m/it/1
0 \OT1/cmr/m/n/10 (\OML/cmm/m/it/10 ^^L[]\OT1/cmr/m/n/10 (\OMS/cmsy/m/n/10 ^^@
\OT1/cmr/m/n/10 2\OML/cmm/m/it/10 x[] \OMS/cmsy/m/n/10 ^^@ \OML/cmm/m/it/10 x \
OT1/cmr/m/n/10 + []) + \OML/cmm/m/it/10 []\OT1/cmr/m/n/10 )) = \OML/cmm/m/it/1
0 ^^L[]\OT1/cmr/m/n/10 (\OML/cmm/m/it/10  [] [] \OMS/cmsy/m/n/10 ^^@ \OML/cmm/m
/it/10  [] []\OT1/cmr/m/n/10 )[]
 []


Overfull \hbox (102.24054pt too wide) detected at line 82
\OMS/cmsy/m/n/10 ) \OT1/cmr/m/n/10 4\OML/cmm/m/it/10 y[] []\OT1/cmr/m/n/10 (\OM
S/cmsy/m/n/10 ^^@\OML/cmm/m/it/10 ^^L[] []y[] \OMS/cmsy/m/n/10 ^^@ \OML/cmm/m/i
t/10 ^^L[]\OT1/cmr/m/n/10 (\OML/cmm/m/it/10  []\OT1/cmr/m/n/10 (\OMS/cmsy/m/n/
10 ^^@\OT1/cmr/m/n/10 2\OML/cmm/m/it/10 x[] \OMS/cmsy/m/n/10 ^^@ \OML/cmm/m/it/
10 x\OT1/cmr/m/n/10 ) + \OML/cmm/m/it/10  [] []\OT1/cmr/m/n/10 ) + \OML/cmm/m/i
t/10 [] []\OT1/cmr/m/n/10 ) \OMS/cmsy/m/n/10 ^^@ \OML/cmm/m/it/10 ^^L[] []\OT1
/cmr/m/n/10 (\OML/cmm/m/it/10  [] [] \OMS/cmsy/m/n/10 ^^@ \OML/cmm/m/it/10  [] 
[]\OT1/cmr/m/n/10 )[] = 0
 []


Overfull \hbox (51.9177pt too wide) detected at line 84
\OT1/cmr/m/n/10 4\OML/cmm/m/it/10 y[] []\OT1/cmr/m/n/10 (\OML/cmm/m/it/10 ^^L[
]\OT1/cmr/m/n/10 (\OML/cmm/m/it/10  []\OT1/cmr/m/n/10 (2\OML/cmm/m/it/10 x[] \O
T1/cmr/m/n/10 + \OML/cmm/m/it/10 x\OT1/cmr/m/n/10 ) \OMS/cmsy/m/n/10 ^^@ \OML/c
mm/m/it/10  [] []\OT1/cmr/m/n/10 ) \OMS/cmsy/m/n/10 ^^@ \OML/cmm/m/it/10  []\OT
1/cmr/m/n/10 (\OML/cmm/m/it/10 [] \OT1/cmr/m/n/10 + \OML/cmm/m/it/10 ^^L[]y[]\
OT1/cmr/m/n/10 )) \OMS/cmsy/m/n/10 ^^@ \OML/cmm/m/it/10 ^^L[] []\OT1/cmr/m/n/10
 (\OML/cmm/m/it/10  [] [] \OMS/cmsy/m/n/10 ^^@ \OML/cmm/m/it/10  [] []\OT1/cmr/
m/n/10 )[]
 []

[3] [4] (./berekeningenschoof.aux) ) 
Here is how much of TeX's memory you used:
 225 strings out of 493304
 2623 string characters out of 6139870
 59880 words of memory out of 5000000
 3765 multiletter control sequences out of 15000+600000
 4245 words of font info for 16 fonts, out of 8000000 for 9000
 957 hyphenation exceptions out of 8191
 24i,5n,19p,376b,233s stack positions out of 5000i,500n,10000p,200000b,80000s
</usr/share/texlive/texmf-dist/fonts/type1/
public/amsfonts/cm/cmbx12.pfb></usr/share/texlive/texmf-dist/fonts/type1/public
/amsfonts/cm/cmmi10.pfb></usr/share/texlive/texmf-dist/fonts/type1/public/amsfo
nts/cm/cmmi5.pfb></usr/share/texlive/texmf-dist/fonts/type1/public/amsfonts/cm/
cmmi7.pfb></usr/share/texlive/texmf-dist/fonts/type1/public/amsfonts/cm/cmr10.p
fb></usr/share/texlive/texmf-dist/fonts/type1/public/amsfonts/cm/cmr5.pfb></usr
/share/texlive/texmf-dist/fonts/type1/public/amsfonts/cm/cmr7.pfb></usr/share/t
exlive/texmf-dist/fonts/type1/public/amsfonts/cm/cmsy10.pfb></usr/share/texlive
/texmf-dist/fonts/type1/public/amsfonts/cm/cmsy5.pfb></usr/share/texlive/texmf-
dist/fonts/type1/public/amsfonts/cm/cmsy7.pfb>
Output written on berekeningenschoof.pdf (4 pages, 107002 bytes).
PDF statistics:
 57 PDF objects out of 1000 (max. 8388607)
 40 compressed objects within 1 object stream
 0 named destinations out of 1000 (max. 500000)
 1 words of extra memory for PDF output out of 10000 (max. 10000000)

