This is pdfTeX, Version 3.1415926-2.5-1.40.14 (TeX Live 2013/Debian) (format=pdflatex 2014.11.11)  2 JUL 2015 12:58
entering extended mode
 restricted \write18 enabled.
 %&-line parsing enabled.
**\nonstopmode \input{ellipticcurvecrypto.tex}
(./ellipticcurvecrypto.tex
(/usr/share/texlive/texmf-dist/tex/latex/base/article.cls
Document Class: article 2007/10/19 v1.4h Standard LaTeX document class
(/usr/share/texlive/texmf-dist/tex/latex/base/size10.clo
File: size10.clo 2007/10/19 v1.4h Standard LaTeX file (size option)
)
\c@part=\count79
\c@section=\count80
\c@subsection=\count81
\c@subsubsection=\count82
\c@paragraph=\count83
\c@subparagraph=\count84
\c@figure=\count85
\c@table=\count86
\abovecaptionskip=\skip41
\belowcaptionskip=\skip42
\bibindent=\dimen102
)
(/usr/share/texlive/texmf-dist/tex/latex/preprint/fullpage.sty
Package: fullpage 1999/02/23 1.1 (PWD)
\FP@margin=\skip43
)
(/usr/share/texlive/texmf-dist/tex/latex/amsmath/amsmath.sty
Package: amsmath 2013/01/14 v2.14 AMS math features
\@mathmargin=\skip44

For additional information on amsmath, use the `?' option.
(/usr/share/texlive/texmf-dist/tex/latex/amsmath/amstext.sty
Package: amstext 2000/06/29 v2.01

(/usr/share/texlive/texmf-dist/tex/latex/amsmath/amsgen.sty
File: amsgen.sty 1999/11/30 v2.0
\@emptytoks=\toks14
\ex@=\dimen103
))
(/usr/share/texlive/texmf-dist/tex/latex/amsmath/amsbsy.sty
Package: amsbsy 1999/11/29 v1.2d
\pmbraise@=\dimen104
)
(/usr/share/texlive/texmf-dist/tex/latex/amsmath/amsopn.sty
Package: amsopn 1999/12/14 v2.01 operator names
)
\inf@bad=\count87
LaTeX Info: Redefining \frac on input line 210.
\uproot@=\count88
\leftroot@=\count89
LaTeX Info: Redefining \overline on input line 306.
\classnum@=\count90
\DOTSCASE@=\count91
LaTeX Info: Redefining \ldots on input line 378.
LaTeX Info: Redefining \dots on input line 381.
LaTeX Info: Redefining \cdots on input line 466.
\Mathstrutbox@=\box26
\strutbox@=\box27
\big@size=\dimen105
LaTeX Font Info:    Redeclaring font encoding OML on input line 566.
LaTeX Font Info:    Redeclaring font encoding OMS on input line 567.
\macc@depth=\count92
\c@MaxMatrixCols=\count93
\dotsspace@=\muskip10
\c@parentequation=\count94
\dspbrk@lvl=\count95
\tag@help=\toks15
\row@=\count96
\column@=\count97
\maxfields@=\count98
\andhelp@=\toks16
\eqnshift@=\dimen106
\alignsep@=\dimen107
\tagshift@=\dimen108
\tagwidth@=\dimen109
\totwidth@=\dimen110
\lineht@=\dimen111
\@envbody=\toks17
\multlinegap=\skip45
\multlinetaggap=\skip46
\mathdisplay@stack=\toks18
LaTeX Info: Redefining \[ on input line 2665.
LaTeX Info: Redefining \] on input line 2666.
)
(/usr/share/texlive/texmf-dist/tex/latex/amsfonts/amssymb.sty
Package: amssymb 2013/01/14 v3.01 AMS font symbols

(/usr/share/texlive/texmf-dist/tex/latex/amsfonts/amsfonts.sty
Package: amsfonts 2013/01/14 v3.01 Basic AMSFonts support
\symAMSa=\mathgroup4
\symAMSb=\mathgroup5
LaTeX Font Info:    Overwriting math alphabet `\mathfrak' in version `bold'
(Font)                  U/euf/m/n --> U/euf/b/n on input line 106.
))
(/usr/share/texlive/texmf-dist/tex/latex/amscls/amsthm.sty
Package: amsthm 2004/08/06 v2.20
\thm@style=\toks19
\thm@bodyfont=\toks20
\thm@headfont=\toks21
\thm@notefont=\toks22
\thm@headpunct=\toks23
\thm@preskip=\skip47
\thm@postskip=\skip48
\thm@headsep=\skip49
\dth@everypar=\toks24
)
(/usr/share/texlive/texmf-dist/tex/latex/algorithms/algorithm.sty
Package: algorithm 2009/08/24 v0.1 Document Style `algorithm' - floating enviro
nment

(/usr/share/texlive/texmf-dist/tex/latex/float/float.sty
Package: float 2001/11/08 v1.3d Float enhancements (AL)
\c@float@type=\count99
\float@exts=\toks25
\float@box=\box28
\@float@everytoks=\toks26
\@floatcapt=\box29
)
(/usr/share/texlive/texmf-dist/tex/latex/base/ifthen.sty
Package: ifthen 2001/05/26 v1.1c Standard LaTeX ifthen package (DPC)
)
\@float@every@algorithm=\toks27
\c@algorithm=\count100
)
(/usr/share/texlive/texmf-dist/tex/latex/algorithms/algorithmic.sty
Package: algorithmic 2009/08/24 v0.1 Document Style `algorithmic'

(/usr/share/texlive/texmf-dist/tex/latex/graphics/keyval.sty
Package: keyval 1999/03/16 v1.13 key=value parser (DPC)
\KV@toks@=\toks28
)
\c@ALC@unique=\count101
\c@ALC@line=\count102
\c@ALC@rem=\count103
\c@ALC@depth=\count104
\ALC@tlm=\skip50
\algorithmicindent=\skip51
)
(/usr/share/texlive/texmf-dist/tex/latex/graphics/graphicx.sty
Package: graphicx 1999/02/16 v1.0f Enhanced LaTeX Graphics (DPC,SPQR)

(/usr/share/texlive/texmf-dist/tex/latex/graphics/graphics.sty
Package: graphics 2009/02/05 v1.0o Standard LaTeX Graphics (DPC,SPQR)

(/usr/share/texlive/texmf-dist/tex/latex/graphics/trig.sty
Package: trig 1999/03/16 v1.09 sin cos tan (DPC)
)
(/usr/share/texlive/texmf-dist/tex/latex/latexconfig/graphics.cfg
File: graphics.cfg 2010/04/23 v1.9 graphics configuration of TeX Live
)
Package graphics Info: Driver file: pdftex.def on input line 91.

(/usr/share/texlive/texmf-dist/tex/latex/pdftex-def/pdftex.def
File: pdftex.def 2011/05/27 v0.06d Graphics/color for pdfTeX

(/usr/share/texlive/texmf-dist/tex/generic/oberdiek/infwarerr.sty
Package: infwarerr 2010/04/08 v1.3 Providing info/warning/error messages (HO)
)
(/usr/share/texlive/texmf-dist/tex/generic/oberdiek/ltxcmds.sty
Package: ltxcmds 2011/11/09 v1.22 LaTeX kernel commands for general use (HO)
)
\Gread@gobject=\count105
))
\Gin@req@height=\dimen112
\Gin@req@width=\dimen113
)
(/usr/share/texlive/texmf-dist/tex/latex/relsize/relsize.sty
Package: relsize 2013/03/29 ver 4.1
)
(/usr/share/texlive/texmf-dist/tex/latex/tabu/tabu.sty
Package: tabu 2011/02/26 v2.8 - flexible LaTeX tabulars (FC)

(/usr/share/texlive/texmf-dist/tex/latex/tools/array.sty
Package: array 2008/09/09 v2.4c Tabular extension package (FMi)
\col@sep=\dimen114
\extrarowheight=\dimen115
\NC@list=\toks29
\extratabsurround=\skip52
\backup@length=\skip53
)
(/usr/share/texlive/texmf-dist/tex/latex/varwidth/varwidth.sty
Package: varwidth 2009/03/30 ver 0.92;  Variable-width minipages
\@vwid@box=\box30
\sift@deathcycles=\count106
\@vwid@loff=\dimen116
\@vwid@roff=\dimen117
)
\c@taburow=\count107
\tabu@nbcols=\count108
\tabu@cnt=\count109
\tabu@Xcol=\count110
\tabu@alloc=\count111
\tabu@nested=\count112
\tabu@target=\dimen118
\tabu@spreadtarget=\dimen119
\tabu@naturalX=\dimen120
\tabucolX=\dimen121
\tabu@Xsum=\dimen122
\extrarowdepth=\dimen123
\abovetabulinesep=\dimen124
\belowtabulinesep=\dimen125
\tabustrutrule=\dimen126
\tabu@thebody=\toks30
\tabu@footnotes=\toks31
\tabu@box=\box31
\tabu@arstrutbox=\box32
\tabu@hleads=\box33
\tabu@vleads=\box34
\tabu@cellskip=\skip54
)
(/usr/share/texlive/texmf-dist/tex/latex/booktabs/booktabs.sty
Package: booktabs 2005/04/14 v1.61803 publication quality tables
\heavyrulewidth=\dimen127
\lightrulewidth=\dimen128
\cmidrulewidth=\dimen129
\belowrulesep=\dimen130
\belowbottomsep=\dimen131
\aboverulesep=\dimen132
\abovetopsep=\dimen133
\cmidrulesep=\dimen134
\cmidrulekern=\dimen135
\defaultaddspace=\dimen136
\@cmidla=\count113
\@cmidlb=\count114
\@aboverulesep=\dimen137
\@belowrulesep=\dimen138
\@thisruleclass=\count115
\@lastruleclass=\count116
\@thisrulewidth=\dimen139
)
\c@theorem=\count117

(./ellipticcurvecrypto.aux

LaTeX Warning: Label `PH' multiply defined.


LaTeX Warning: Label `firstredalg' multiply defined.

)
\openout1 = `ellipticcurvecrypto.aux'.

LaTeX Font Info:    Checking defaults for OML/cmm/m/it on input line 70.
LaTeX Font Info:    ... okay on input line 70.
LaTeX Font Info:    Checking defaults for T1/cmr/m/n on input line 70.
LaTeX Font Info:    ... okay on input line 70.
LaTeX Font Info:    Checking defaults for OT1/cmr/m/n on input line 70.
LaTeX Font Info:    ... okay on input line 70.
LaTeX Font Info:    Checking defaults for OMS/cmsy/m/n on input line 70.
LaTeX Font Info:    ... okay on input line 70.
LaTeX Font Info:    Checking defaults for OMX/cmex/m/n on input line 70.
LaTeX Font Info:    ... okay on input line 70.
LaTeX Font Info:    Checking defaults for U/cmr/m/n on input line 70.
LaTeX Font Info:    ... okay on input line 70.
 (/usr/share/texlive/texmf-dist/tex/context/base/supp-pdf.mkii
[Loading MPS to PDF converter (version 2006.09.02).]
\scratchcounter=\count118
\scratchdimen=\dimen140
\scratchbox=\box35
\nofMPsegments=\count119
\nofMParguments=\count120
\everyMPshowfont=\toks32
\MPscratchCnt=\count121
\MPscratchDim=\dimen141
\MPnumerator=\count122
\makeMPintoPDFobject=\count123
\everyMPtoPDFconversion=\toks33
) (/usr/share/texlive/texmf-dist/tex/generic/oberdiek/pdftexcmds.sty
Package: pdftexcmds 2011/11/29 v0.20 Utility functions of pdfTeX for LuaTeX (HO
)

(/usr/share/texlive/texmf-dist/tex/generic/oberdiek/ifluatex.sty
Package: ifluatex 2010/03/01 v1.3 Provides the ifluatex switch (HO)
Package ifluatex Info: LuaTeX not detected.
)
(/usr/share/texlive/texmf-dist/tex/generic/oberdiek/ifpdf.sty
Package: ifpdf 2011/01/30 v2.3 Provides the ifpdf switch (HO)
Package ifpdf Info: pdfTeX in PDF mode is detected.
)
Package pdftexcmds Info: LuaTeX not detected.
Package pdftexcmds Info: \pdf@primitive is available.
Package pdftexcmds Info: \pdf@ifprimitive is available.
Package pdftexcmds Info: \pdfdraftmode found.
)
(/usr/share/texlive/texmf-dist/tex/latex/oberdiek/epstopdf-base.sty
Package: epstopdf-base 2010/02/09 v2.5 Base part for package epstopdf

(/usr/share/texlive/texmf-dist/tex/latex/oberdiek/grfext.sty
Package: grfext 2010/08/19 v1.1 Manage graphics extensions (HO)

(/usr/share/texlive/texmf-dist/tex/generic/oberdiek/kvdefinekeys.sty
Package: kvdefinekeys 2011/04/07 v1.3 Define keys (HO)
))
(/usr/share/texlive/texmf-dist/tex/latex/oberdiek/kvoptions.sty
Package: kvoptions 2011/06/30 v3.11 Key value format for package options (HO)

(/usr/share/texlive/texmf-dist/tex/generic/oberdiek/kvsetkeys.sty
Package: kvsetkeys 2012/04/25 v1.16 Key value parser (HO)

(/usr/share/texlive/texmf-dist/tex/generic/oberdiek/etexcmds.sty
Package: etexcmds 2011/02/16 v1.5 Avoid name clashes with e-TeX commands (HO)
Package etexcmds Info: Could not find \expanded.
(etexcmds)             That can mean that you are not using pdfTeX 1.50 or
(etexcmds)             that some package has redefined \expanded.
(etexcmds)             In the latter case, load this package earlier.
)))
Package grfext Info: Graphics extension search list:
(grfext)             [.png,.pdf,.jpg,.mps,.jpeg,.jbig2,.jb2,.PNG,.PDF,.JPG,.JPE
G,.JBIG2,.JB2,.eps]
(grfext)             \AppendGraphicsExtensions on input line 452.

(/usr/share/texlive/texmf-dist/tex/latex/latexconfig/epstopdf-sys.cfg
File: epstopdf-sys.cfg 2010/07/13 v1.3 Configuration of (r)epstopdf for TeX Liv
e
))

! Package keyval Error: width5cm undefined.

See the keyval package documentation for explanation.
Type  H <return>  for immediate help.
 ...                                              
                                                  
l.76 ...udegraphics[width5cm, height=5cm]{unilogo}
                                                  
Try typing  <return>  to proceed.
If that doesn't work, type  X <return>  to quit.

<unilogo.png, id=1, 706.89093pt x 474.27188pt>
File: unilogo.png Graphic file (type png)
 <use unilogo.png>
Package pdftex.def Info: unilogo.png used on input line 76.
(pdftex.def)             Requested size: 212.03656pt x 142.26378pt.

! Misplaced \noalign.
\hline ->\noalign 
                  {\ifnum 0=`}\fi \hrule \@height \arrayrulewidth \futurelet...
l.79 \hline
            \\[0.8cm]
I expect to see \noalign only after the \cr of
an alignment. Proceed, and I'll ignore this case.


! LaTeX Error: There's no line here to end.

See the LaTeX manual or LaTeX Companion for explanation.
Type  H <return>  for immediate help.
 ...                                              
                                                  
l.79 \hline \\
              [0.8cm]
Your command was ignored.
Type  I <command> <return>  to replace it with another command,
or  <return>  to continue without it.

[1

{/var/lib/texmf/fonts/map/pdftex/updmap/pdftex.map} <./unilogo.png>] [1]
[2] (./ellipticcurvecrypto.toc
LaTeX Font Info:    Try loading font information for U+msa on input line 2.

(/usr/share/texlive/texmf-dist/tex/latex/amsfonts/umsa.fd
File: umsa.fd 2013/01/14 v3.01 AMS symbols A
)
LaTeX Font Info:    Try loading font information for U+msb on input line 2.

(/usr/share/texlive/texmf-dist/tex/latex/amsfonts/umsb.fd
File: umsb.fd 2013/01/14 v3.01 AMS symbols B
) [3])
\tf@toc=\write3
\openout3 = `ellipticcurvecrypto.toc'.

 [4] [5]
LaTeX Font Info:    Try loading font information for OMS+cmr on input line 126.


(/usr/share/texlive/texmf-dist/tex/latex/base/omscmr.fd
File: omscmr.fd 1999/05/25 v2.5h Standard LaTeX font definitions
)
LaTeX Font Info:    Font shape `OMS/cmr/m/n' in size <10> not available
(Font)              Font shape `OMS/cmsy/m/n' tried instead on input line 126.
 [6] [7] [8] [9]
[10]

! LaTeX Error: \caption outside float.

See the LaTeX manual or LaTeX Companion for explanation.
Type  H <return>  for immediate help.
 ...                                              
                                                  
l.262   \caption
                {{\bf table 1} comparison of key sizes.}\\
You're in trouble here.  Try typing  <return>  to proceed.
If that doesn't work, type  X <return>  to quit.

! Undefined control sequence.
\caption ... \endcsname \fi \fi \@dblarg {\@tempf 
                                                  \@captype }
l.262   \caption
                {{\bf table 1} comparison of key sizes.}\\
The control sequence at the end of the top line
of your error message was never \def'ed. If you have
misspelled it (e.g., `\hobx'), type `I' and the correct
spelling (e.g., `I\hbox'). Otherwise just continue,
and I'll forget about whatever was undefined.

! Undefined control sequence.
\caption ...e \fi \fi \@dblarg {\@tempf \@captype 
                                                  }
l.262   \caption
                {{\bf table 1} comparison of key sizes.}\\
The control sequence at the end of the top line
of your error message was never \def'ed. If you have
misspelled it (e.g., `\hobx'), type `I' and the correct
spelling (e.g., `I\hbox'). Otherwise just continue,
and I'll forget about whatever was undefined.

[11] [12] <ellcurvesexamples.jpg, id=63, 1440.88312pt x 389.95688pt>
File: ellcurvesexamples.jpg Graphic file (type jpg)

<use ellcurvesexamples.jpg>
Package pdftex.def Info: ellcurvesexamples.jpg used on input line 354.
(pdftex.def)             Requested size: 426.77176pt x 142.26465pt.
 [13]

! Package amsmath Error: Erroneous nesting of equation structures;
(amsmath)                trying to recover with `aligned'.

See the amsmath package documentation for explanation.
Type  H <return>  for immediate help.
 ...                                              
                                                  
l.375 \end{align*}
                  
Try typing  <return>  to proceed.
If that doesn't work, type  X <return>  to quit.

[14 <./ellcurvesexamples.jpg>] [15]
<addpointsexample.png, id=73, 451.6875pt x 451.6875pt>
File: addpointsexample.png Graphic file (type png)

<use addpointsexample.png>
Package pdftex.def Info: addpointsexample.png used on input line 451.
(pdftex.def)             Requested size: 112.92159pt x 112.92159pt.
 [16]
! Misplaced alignment tab character &.
l.477 [m]P&
           :=\underbrace{-P-\ldots-P}_{\text{-m times if } m<0},\qquad
I can't figure out why you would want to use a tab mark
here. If you just want an ampersand, the remedy is
simple: Just type `I\&' now. But if some right brace
up above has ended a previous alignment prematurely,
you're probably due for more error messages, and you
might try typing `S' now just to see what is salvageable.

! Misplaced alignment tab character &.
l.478 [0]P&
           :=O$$
I can't figure out why you would want to use a tab mark
here. If you just want an ampersand, the remedy is
simple: Just type `I\&' now. But if some right brace
up above has ended a previous alignment prematurely,
you're probably due for more error messages, and you
might try typing `S' now just to see what is salvageable.

[17 <./addpointsexample.png>] [18] [19] [20] [21]
LaTeX Font Info:    Font shape `OMS/cmr/m/it' in size <10> not available
(Font)              Font shape `OMS/cmsy/m/n' tried instead on input line 621.

! Missing { inserted.
<to be read again> 
                   }
l.633 ...i)_{i \leq n}$ with coefficients in $\FF_
                                                  q$ (which means that $f_i^...
A left brace was mandatory here, so I've put one in.
You might want to delete and/or insert some corrections
so that I will find a matching right brace soon.
(If you're confused by all this, try typing `I}' now.)

! Missing } inserted.
<inserted text> 
                }
l.633 ..._{i \leq n}$ with coefficients in $\FF_q$
                                                   (which means that $f_i^{(...
I've inserted something that you may have forgotten.
(See the <inserted text> above.)
With luck, this will get me unwedged. But if you
really didn't forget anything, try typing `2' now; then
my insertion and my current dilemma will both disappear.

[22] [23] [24] [25] [26] [27]
! Double subscript.
<recently read> _
                 
l.856 ...us the $\ell$-adic representation $\frob_
                                                  \ell$ of the Frobenius mor...
I treat `x_1_2' essentially like `x_1{}_2'.

[28] [29]
! Missing \right. inserted.
<inserted text> 
                \right .
l.933 ...t a square } (\text{mod }p) \end{array}.$
                                                  $
I've inserted something that you may have forgotten.
(See the <inserted text> above.)
With luck, this will get me unwedged. But if you
really didn't forget anything, try typing `2' now; then
my insertion and my current dilemma will both disappear.

[30]
! Double subscript.
<recently read> _
                 
l.955 ... prime different from $p$ and let $\frob_
                                                  \ell:T_\ell(E) \rightarrow...
I treat `x_1_2' essentially like `x_1{}_2'.

! Double subscript.
<recently read> _
                 
l.958 \end{align*}
                  
I treat `x_1_2' essentially like `x_1{}_2'.

! Double subscript.
<recently read> _
                 
l.958 \end{align*}
                  
I treat `x_1_2' essentially like `x_1{}_2'.

! Double subscript.
<recently read> _
                 
l.958 \end{align*}
                  
I treat `x_1_2' essentially like `x_1{}_2'.

! Double subscript.
<recently read> _
                 
l.958 \end{align*}
                  
I treat `x_1_2' essentially like `x_1{}_2'.

! Double subscript.
<recently read> _
                 
l.959 ... the characteristic polynomial of $\frob_
                                                  \ell$ is $$\detm{TI-\frob_...
I treat `x_1_2' essentially like `x_1{}_2'.

! Double subscript.
<recently read> _
                 
l.959 ...of $\frob_\ell$ is $$\detm{TI-\frob_\ell}
                                                  =T^2-\tr{\frob_\ell}T+\det...
I treat `x_1_2' essentially like `x_1{}_2'.

! Double subscript.
<recently read> _
                 
l.959 ...$\detm{TI-\frob_\ell}=T^2-\tr{\frob_\ell}
                                                  T+\detm{\frob_\ell}=T^2-tT...
I treat `x_1_2' essentially like `x_1{}_2'.

! Double subscript.
<recently read> _
                 
l.959 ...l}=T^2-\tr{\frob_\ell}T+\detm{\frob_\ell}
                                                  =T^2-tT+q.$$
I treat `x_1_2' essentially like `x_1{}_2'.

! Double subscript.
<recently read> _
                 
l.960 ...: $$C(m/n)=\detm{\frac{m}{n}I-\frob_\ell}
                                                  =\frac{\detm{m-n\frob_\ell...
I treat `x_1_2' essentially like `x_1{}_2'.

! Double subscript.
<recently read> _
                 
l.960 ...ob_\ell}=\frac{\detm{m-n\frob_\ell}}{n^2}
                                                  =\frac{\degree{m-n\frob_\e...
I treat `x_1_2' essentially like `x_1{}_2'.

! Double subscript.
<recently read> _
                 
l.960 ...}{n^2}=\frac{\degree{m-n\frob_\ell}}{n^2}
                                                  \geq 0.$$ Thus, since poly...
I treat `x_1_2' essentially like `x_1{}_2'.

! Double subscript.
<recently read> _
                 
l.960 ... fact that$$\alpha\beta=\detm{\frob_\ell}
                                                  =\degree{\frob}=q$$ follow...
I treat `x_1_2' essentially like `x_1{}_2'.

! Double subscript.
<recently read> _
                 
l.960 ...q 1$. Remark that $(\frob^n)_\ell=(\frob_
                                                  \ell)^n$, which from now o...
I treat `x_1_2' essentially like `x_1{}_2'.

! Double subscript.
<recently read> _
                 
l.960 ... now on will simply be denoted by $\frob_
                                                  \ell^n$. A well known theo...
I treat `x_1_2' essentially like `x_1{}_2'.

! Double subscript.
<recently read> _
                 
l.960 ...igenvalues. (Which in the case of $\frob_
                                                  \ell$ are $\alpha$ and $\b...
I treat `x_1_2' essentially like `x_1{}_2'.

! Double subscript.
<recently read> _
                 
l.960 ...ero vectors $u$ and $v$ such that $\frob_
                                                  \ell u = \alpha u$ and $\f...
I treat `x_1_2' essentially like `x_1{}_2'.

! Double subscript.
<recently read> _
                 
l.960 ...hat $\frob_\ell u = \alpha u$ and $\frob_
                                                  \ell v = \beta v$. Thus no...
I treat `x_1_2' essentially like `x_1{}_2'.

! Double subscript.
<recently read> _
                 
l.960 ...induction on $n$ it is clear that $\frob_
                                                  \ell^n u = \alpha^n u$ and...
I treat `x_1_2' essentially like `x_1{}_2'.

! Double subscript.
<recently read> _
                 
l.960 ...$\frob_\ell^n u = \alpha^n u$ and $\frob_
                                                  \ell^n v = \beta^n v$ for ...
I treat `x_1_2' essentially like `x_1{}_2'.

! Double subscript.
<recently read> _
                 
l.960 ...\beta^n v$ for all $n \geq 1$. So $\frob_
                                                  \ell^n$ satisfies $\tr{\fr...
I treat `x_1_2' essentially like `x_1{}_2'.

! Double subscript.
<recently read> _
                 
l.960 ...frob_\ell^n$ satisfies $\tr{\frob_\ell^n}
                                                   = \alpha^n+\beta^n$. Let ...
I treat `x_1_2' essentially like `x_1{}_2'.

! Double subscript.
<recently read> _
                 
l.964 \end{align*}
                  
I treat `x_1_2' essentially like `x_1{}_2'.

! Double subscript.
<recently read> _
                 
l.964 \end{align*}
                  
I treat `x_1_2' essentially like `x_1{}_2'.

! Double subscript.
<recently read> _
                 
l.964 \end{align*}
                  
I treat `x_1_2' essentially like `x_1{}_2'.

! Double subscript.
<recently read> _
                 
l.964 \end{align*}
                  
I treat `x_1_2' essentially like `x_1{}_2'.

! Double subscript.
<recently read> _
                 
l.964 \end{align*}
                  
I treat `x_1_2' essentially like `x_1{}_2'.

! Double subscript.
<recently read> _
                 
l.964 \end{align*}
                  
I treat `x_1_2' essentially like `x_1{}_2'.

[31]
! Double subscript.
<recently read> _
                 
l.966 ...n theorem ensures that the matrix $\frob_
                                                  \ell$ is a zero of its own...
I treat `x_1_2' essentially like `x_1{}_2'.

! Double subscript.
<recently read> _
                 
l.966 ...own characteristic polynomial, so $\frob_
                                                  \ell^2-t\frob_\ell+q=0$. A...
I treat `x_1_2' essentially like `x_1{}_2'.

! Double subscript.
<recently read> _
                 
l.966 ...stic polynomial, so $\frob_\ell^2-t\frob_
                                                  \ell+q=0$. And thus \ref{d...
I treat `x_1_2' essentially like `x_1{}_2'.

! Double subscript.
<recently read> _
                 
l.966 ...frob+q}=\detm{\frob_\ell^2-t\frob_\ell+q}
                                                  =\detm{0}=0,$$ thus $\frob...
I treat `x_1_2' essentially like `x_1{}_2'.

! Double subscript.
<recently read> _
                 
l.966 ...frob+q}=\detm{\frob_\ell^2-t\frob_\ell+q}
                                                  =\detm{0}=0,$$ thus $\frob...
I treat `x_1_2' essentially like `x_1{}_2'.

! Double subscript.
<recently read> _
                 
l.970 ...antity $t=q+1-\#E(\FF{q})=\tr{\frob_\ell}
                                                  $ is called the \emph{trac...
I treat `x_1_2' essentially like `x_1{}_2'.

[32] [33]
! Missing \right. inserted.
<inserted text> 
                \right .
l.1047 ... &\text{if } t=-2\sqrt{q}.  \end{array}$
                                                  $
I've inserted something that you may have forgotten.
(See the <inserted text> above.)
With luck, this will get me unwedged. But if you
really didn't forget anything, try typing `2' now; then
my insertion and my current dilemma will both disappear.

[34] [35] [36] [37] [38]
! Double subscript.
<recently read> _
                 
l.1204 ...ferent from $2$ and $p$, and let $\frob_
                                                  \ell:E[\ell] \rightarrow E...
I treat `x_1_2' essentially like `x_1{}_2'.

! Double subscript.
<recently read> _
                 
l.1204 ...ng relation holds on $E[\ell]$: $$\frob_
                                                  \ell^2-t\frob_\ell +q=0.$$...
I treat `x_1_2' essentially like `x_1{}_2'.

! Double subscript.
<recently read> _
                 
l.1204 ...lds on $E[\ell]$: $$\frob_\ell^2-t\frob_
                                                  \ell +q=0.$$ If on the oth...
I treat `x_1_2' essentially like `x_1{}_2'.

! Double subscript.
<recently read> _
                 
l.1204 ...ell +q=0.$$ If on the other hand $\frob_
                                                  \ell^2 - \tau \frob_\ell +...
I treat `x_1_2' essentially like `x_1{}_2'.

! Double subscript.
<recently read> _
                 
l.1204 ...e other hand $\frob_\ell^2 - \tau \frob_
                                                  \ell +q = 0$ on $E[\ell]$ ...
I treat `x_1_2' essentially like `x_1{}_2'.

! Double subscript.
<recently read> _
                 
l.1204 ...e integer $\tau$, then $(\tau - t)\frob_
                                                  \ell P = 0$ for all $P \in...
I treat `x_1_2' essentially like `x_1{}_2'.

! Double subscript.
<recently read> _
                 
l.1204 ...P)=O\} = \sdegree{\frob}=1,$$ so $\frob_
                                                  \ell$ is not the zero morp...
I treat `x_1_2' essentially like `x_1{}_2'.

! Double subscript.
<recently read> _
                 
l.1204 ...hism. Thus the fact that $(\tau-t)\frob_
                                                  \ell P = [0]$ on $E[\ell]$...
I treat `x_1_2' essentially like `x_1{}_2'.

! Double subscript.
<recently read> _
                 
l.1204 ...,1,\ldots,\ell-1\}$ the relation $\frob_
                                                  \ell^2 -\tau\frob_\ell +q=...
I treat `x_1_2' essentially like `x_1{}_2'.

! Double subscript.
<recently read> _
                 
l.1204 ...$ the relation $\frob_\ell^2 -\tau\frob_
                                                  \ell +q=0$ holds on $E[\el...
I treat `x_1_2' essentially like `x_1{}_2'.

! Double subscript.
<recently read> _
                 
l.1208 ...a fast way to check the equality $\frob_
                                                  \ell^2+q=\tau\frob_\ell$. ...
I treat `x_1_2' essentially like `x_1{}_2'.

! Double subscript.
<recently read> _
                 
l.1208 ... the equality $\frob_\ell^2+q=\tau\frob_
                                                  \ell$. This is done with h...
I treat `x_1_2' essentially like `x_1{}_2'.

! Double subscript.
<recently read> _
                 
l.1208 ...ind the integer $\tau$ such that $\frob_
                                                  \ell^2+q=\tau\frob_\ell$ o...
I treat `x_1_2' essentially like `x_1{}_2'.

! Double subscript.
<recently read> _
                 
l.1208 ...au$ such that $\frob_\ell^2+q=\tau\frob_
                                                  \ell$ on $E[\ell]$.
I treat `x_1_2' essentially like `x_1{}_2'.

[39]
! Missing \right. inserted.
<inserted text> 
                \right .
l.1239 ...ext{if } n \text{ is even.} \end{array}$
                                                  $ These polynomials are ca...
I've inserted something that you may have forgotten.
(See the <inserted text> above.)
With luck, this will get me unwedged. But if you
really didn't forget anything, try typing `2' now; then
my insertion and my current dilemma will both disappear.

! Missing \right. inserted.
<inserted text> 
                \right .
l.1245 ...t{ is even and } p \nmid n. \end{array}$
                                                  $
I've inserted something that you may have forgotten.
(See the <inserted text> above.)
With luck, this will get me unwedged. But if you
really didn't forget anything, try typing `2' now; then
my insertion and my current dilemma will both disappear.

[40]
! Extra }, or forgotten $.
l.1261 \item $f_4}
                  (X)=4(X^6+5AX^4+20BX^3-5A^2X^2-4ABX-8B^2-A^3),$
I've deleted a group-closing symbol because it seems to be
spurious, as in `$x}$'. But perhaps the } is legitimate and
you forgot something else, as in `\hbox{$x}'. In such cases
the way to recover is to insert both the forgotten and the
deleted material, e.g., by typing `I$}'.

! Missing \right. inserted.
<inserted text> 
                \right .
l.1263 ...is odd,}  \end{array} \quad (n \geq 2).$
                                                  
I've inserted something that you may have forgotten.
(See the <inserted text> above.)
With luck, this will get me unwedged. But if you
really didn't forget anything, try typing `2' now; then
my insertion and my current dilemma will both disappear.

! Double subscript.
<recently read> _
                 
l.1279 ...,\ldots,\ell-1\}$\\ the equality $\frob_
                                                  \ell^2 + q=\tau\frob_\ell$...
I treat `x_1_2' essentially like `x_1{}_2'.

! Double subscript.
<recently read> _
                 
l.1279 ...he equality $\frob_\ell^2 + q=\tau\frob_
                                                  \ell$ holds on $E[\ell]$}
I treat `x_1_2' essentially like `x_1{}_2'.

! Double subscript.
<recently read> _
                 
l.1280 ...\ell^2 + q=\tau\frob_\ell$ on $E[\ell]$}
                                                  
I treat `x_1_2' essentially like `x_1{}_2'.

! Double subscript.
<recently read> _
                 
l.1280 ...\ell^2 + q=\tau\frob_\ell$ on $E[\ell]$}
                                                  
I treat `x_1_2' essentially like `x_1{}_2'.

! Double subscript.
<recently read> _
                 
l.1296 ...egin{equation}\label{frobrulemodl}\frob_
                                                  \ell^2+q=\tau \frob_\ell\e...
I treat `x_1_2' essentially like `x_1{}_2'.

! Double subscript.
<recently read> _
                 
l.1296 ...{frobrulemodl}\frob_\ell^2+q=\tau \frob_
                                                  \ell\end{equation} on all ...
I treat `x_1_2' essentially like `x_1{}_2'.

! Double subscript.
<recently read> _
                 
l.1306 Remark that, since the equality $\frob_
                                              \ell^2 + q = \tau\frob_\ell$ i...
I treat `x_1_2' essentially like `x_1{}_2'.

! Double subscript.
<recently read> _
                 
l.1306 ... equality $\frob_\ell^2 + q = \tau\frob_
                                                  \ell$ is to be checked on ...
I treat `x_1_2' essentially like `x_1{}_2'.

! Double subscript.
<recently read> _
                 
l.1306 ... suffices to check the equality $$\frob_
                                                  \ell^2 + k = \tau \frob_\e...
I treat `x_1_2' essentially like `x_1{}_2'.

! Double subscript.
<recently read> _
                 
l.1306 ...quality $$\frob_\ell^2 + k = \tau \frob_
                                                  \ell.$$ Obviously, using \...
I treat `x_1_2' essentially like `x_1{}_2'.

[41]
! Missing \right. inserted.
<inserted text> 
                \right .
l.1310 \end{array}\end{array}
                             \end{equation}
I've inserted something that you may have forgotten.
(See the <inserted text> above.)
With luck, this will get me unwedged. But if you
really didn't forget anything, try typing `2' now; then
my insertion and my current dilemma will both disappear.

! Double subscript.
<recently read> _
                 
l.1312 ...)$ in $E[\ell]$ exists for which $\frob_
                                                  \ell^2 P = [\pm k]P$. Thus...
I treat `x_1_2' essentially like `x_1{}_2'.

! Double subscript.
<recently read> _
                 
l.1312 ...o compare the $X$-coordinates of $\frob_
                                                  \ell P$ and $[k]P$. So we ...
I treat `x_1_2' essentially like `x_1{}_2'.

! Missing \right. inserted.
<inserted text> 
                \right .
l.1315 ...x)}} &\text{if $k$ is odd.} \end{array}$
                                                  $
I've inserted something that you may have forgotten.
(See the <inserted text> above.)
With luck, this will get me unwedged. But if you
really didn't forget anything, try typing `2' now; then
my insertion and my current dilemma will both disappear.

! Double subscript.
<recently read> _
                 
l.1316 ...enominators are eliminated, then $\frob_
                                                  \ell^2P = [\pm k]P$ if and...
I treat `x_1_2' essentially like `x_1{}_2'.

! Double subscript.
<recently read> _
                 
l.1320 ... point $P \in E[\ell]$ such that $\frob_
                                                  \ell^2P = [\pm q]P$. This ...
I treat `x_1_2' essentially like `x_1{}_2'.

[42]
! Double subscript.
<recently read> _
                 
l.1324 ... point $P \in E[\ell]$ for which $\frob_
                                                  \ell^2P=[\pm q]P$. Thus th...
I treat `x_1_2' essentially like `x_1{}_2'.

! Double subscript.
<recently read> _
                 
l.1326 \item If $\frob_
                       \ell^2 P = [q]P$ for some nonzero $P \in E[\ell]$, th...
I treat `x_1_2' essentially like `x_1{}_2'.

! Double subscript.
<recently read> _
                 
l.1326 ...robrulemodl} implies that $$ (2q-t\frob_
                                                  \ell)P = 0 \quad \text{and...
I treat `x_1_2' essentially like `x_1{}_2'.

! Double subscript.
<recently read> _
                 
l.1326 ...\ell)P = 0 \quad \text{and} \quad \frob_
                                                  \ell P = \left[\frac{2q}{t...
I treat `x_1_2' essentially like `x_1{}_2'.

! Double subscript.
<recently read> _
                 
l.1327 \item If $\frob_
                       \ell^2 P = [-q]P$ for some nonzero $P \in E[\ell]$, t...
I treat `x_1_2' essentially like `x_1{}_2'.

! Double subscript.
<recently read> _
                 
l.1329 ...$\leg{q}{\ell}=-1$, then clearly $\frob_
                                                  \ell^2 P = -qP$ for some n...
I treat `x_1_2' essentially like `x_1{}_2'.

! Double subscript.
<recently read> _
                 
l.1329 ...,y)\in E[\ell]$ exists such that $\frob_
                                                  \ell P = [\pm w] P$. This ...
I treat `x_1_2' essentially like `x_1{}_2'.

! Double subscript.
<recently read> _
                 
l.1331 ...a point $P$ does not exist. Thus $\frob_
                                                  \ell P \neq [\pm w] P$ for...
I treat `x_1_2' essentially like `x_1{}_2'.

! Double subscript.
<recently read> _
                 
l.1331 ...$P \in E[\ell]$. This means that $\frob_
                                                  \ell^2P$ can not be equal ...
I treat `x_1_2' essentially like `x_1{}_2'.

! Double subscript.
<recently read> _
                 
l.1331 ...q]P$ for all $P \in E[\ell]$, so $\frob_
                                                  \ell^2 P = [-q]P$ for a no...
I treat `x_1_2' essentially like `x_1{}_2'.

! Double subscript.
<recently read> _
                 
l.1332 ... $P=(x,y) \in E[\ell]$ such that $\frob_
                                                  \ell P = [\pm w]P$. In thi...
I treat `x_1_2' essentially like `x_1{}_2'.

! Double subscript.
<recently read> _
                 
l.1332 ...e algorithm should check whether $\frob_
                                                  \ell P$ equals $[w]P$ or $...
I treat `x_1_2' essentially like `x_1{}_2'.

! Double subscript.
<recently read> _
                 
l.1332 ...this point $P$. To check whether $\frob_
                                                  \ell P = [w]P$, it suffice...
I treat `x_1_2' essentially like `x_1{}_2'.

! Double subscript.
<recently read> _
                 
l.1334 ...onzero $P \in E[\ell]$ such that $\frob_
                                                  \ell P = [w]P$, so $\frob_...
I treat `x_1_2' essentially like `x_1{}_2'.

! Double subscript.
<recently read> _
                 
l.1334 ...h that $\frob_\ell P = [w]P$, so $\frob_
                                                  \ell^2 P = [q]P$ and $t \e...
I treat `x_1_2' essentially like `x_1{}_2'.

! Double subscript.
<recently read> _
                 
l.1338 This is the case where $\frob_
                                     \ell^2 \neq [\pm q] P$ for all $P \in E...
I treat `x_1_2' essentially like `x_1{}_2'.

! Double subscript.
<recently read> _
                 
l.1338 ...n E[\ell]$ the $X$-coordinate of $\frob_
                                                  \ell^2 P$ and $[q]P$ are d...
I treat `x_1_2' essentially like `x_1{}_2'.

! Double subscript.
<recently read> _
                 
l.1339 $$\frob_
               \ell^2 P + [k] P = \left(-x^{q^2}-x+\frac{\psi_{k-1}\psi_{k+1...
I treat `x_1_2' essentially like `x_1{}_2'.

[43]
! Double subscript.
<recently read> _
                 
l.1341 ...\in \{1,\ldots,\ell-1\}$ whether $\frob_
                                                  \ell^2 P + [k] P = \tau \f...
I treat `x_1_2' essentially like `x_1{}_2'.

! Double subscript.
<recently read> _
                 
l.1341 ...er $\frob_\ell^2 P + [k] P = \tau \frob_
                                                  \ell P$ for all $P \in E[\...
I treat `x_1_2' essentially like `x_1{}_2'.

! Double subscript.
<recently read> _
                 
l.1341 ...e quite tedious. Testing whether $\frob_
                                                  \ell^2  + k  = \tau \frob_...
I treat `x_1_2' essentially like `x_1{}_2'.

! Double subscript.
<recently read> _
                 
l.1341 ...hether $\frob_\ell^2  + k  = \tau \frob_
                                                  \ell $ for a given $\tau$ ...
I treat `x_1_2' essentially like `x_1{}_2'.

! Misplaced alignment tab character &.
l.1342 $$ P_1 &
               :=\psi_\tau^{2q}\Big(\beta^2\big(-(X^{q^2}+X^q+X)\psi_k^2+\ps...
I can't figure out why you would want to use a tab mark
here. If you just want an ampersand, the remedy is
simple: Just type `I\&' now. But if some right brace
up above has ended a previous alignment prematurely,
you're probably due for more error messages, and you
might try typing `S' now just to see what is salvageable.

! Misplaced alignment tab character &.
l.1343 $$P_2 &
              :=4Y^q\psi_\tau^{3q}\Big(-\beta^3\psi_k^2Y^{q^2}-\alpha\beta^2...
I can't figure out why you would want to use a tab mark
here. If you just want an ampersand, the remedy is
simple: Just type `I\&' now. But if some right brace
up above has ended a previous alignment prematurely,
you're probably due for more error messages, and you
might try typing `S' now just to see what is salvageable.

! Extra }, or forgotten \right.
<template> }
            $}\ifmeasuring@ \savefieldlength@ \fi \set@field \hfil \endtempl...
l.1347 ...{if $k$ is odd.} \end{array}\end{align*}
                                                  
I've deleted a group-closing symbol because it seems to be
spurious, as in `$x}$'. But perhaps the } is legitimate and
you forgot something else, as in `\hbox{$x}'. In such cases
the way to recover is to insert both the forgotten and the
deleted material, e.g., by typing `I$}'.

! Missing \right. inserted.
<inserted text> 
                \right .
l.1347 ...{if $k$ is odd.} \end{array}\end{align*}
                                                  
I've inserted something that you may have forgotten.
(See the <inserted text> above.)
With luck, this will get me unwedged. But if you
really didn't forget anything, try typing `2' now; then
my insertion and my current dilemma will both disappear.

! Missing } inserted.
<inserted text> 
                }
l.1347 ...{if $k$ is odd.} \end{array}\end{align*}
                                                  
I've inserted something that you may have forgotten.
(See the <inserted text> above.)
With luck, this will get me unwedged. But if you
really didn't forget anything, try typing `2' now; then
my insertion and my current dilemma will both disappear.

! Extra }, or forgotten \right.
<template> }
            $}\ifmeasuring@ \savefieldlength@ \fi \set@field \hfil \endtempl...
l.1347 ...{if $k$ is odd.} \end{array}\end{align*}
                                                  
I've deleted a group-closing symbol because it seems to be
spurious, as in `$x}$'. But perhaps the } is legitimate and
you forgot something else, as in `\hbox{$x}'. In such cases
the way to recover is to insert both the forgotten and the
deleted material, e.g., by typing `I$}'.

! Missing \right. inserted.
<inserted text> 
                \right .
l.1347 ...{if $k$ is odd.} \end{array}\end{align*}
                                                  
I've inserted something that you may have forgotten.
(See the <inserted text> above.)
With luck, this will get me unwedged. But if you
really didn't forget anything, try typing `2' now; then
my insertion and my current dilemma will both disappear.

! Missing } inserted.
<inserted text> 
                }
l.1347 ...{if $k$ is odd.} \end{array}\end{align*}
                                                  
I've inserted something that you may have forgotten.
(See the <inserted text> above.)
With luck, this will get me unwedged. But if you
really didn't forget anything, try typing `2' now; then
my insertion and my current dilemma will both disappear.

! Extra }, or forgotten \right.
<template> }
            $}\ifmeasuring@ \savefieldlength@ \fi \set@field \hfil \endtempl...
l.1347 ...{if $k$ is odd.} \end{array}\end{align*}
                                                  
I've deleted a group-closing symbol because it seems to be
spurious, as in `$x}$'. But perhaps the } is legitimate and
you forgot something else, as in `\hbox{$x}'. In such cases
the way to recover is to insert both the forgotten and the
deleted material, e.g., by typing `I$}'.

! Missing \right. inserted.
<inserted text> 
                \right .
l.1347 ...{if $k$ is odd.} \end{array}\end{align*}
                                                  
I've inserted something that you may have forgotten.
(See the <inserted text> above.)
With luck, this will get me unwedged. But if you
really didn't forget anything, try typing `2' now; then
my insertion and my current dilemma will both disappear.

! Missing } inserted.
<inserted text> 
                }
l.1347 ...{if $k$ is odd.} \end{array}\end{align*}
                                                  
I've inserted something that you may have forgotten.
(See the <inserted text> above.)
With luck, this will get me unwedged. But if you
really didn't forget anything, try typing `2' now; then
my insertion and my current dilemma will both disappear.

! Extra }, or forgotten \right.
<template> }
            $}\ifmeasuring@ \savefieldlength@ \fi \set@field \hfil \endtempl...
l.1347 ...{if $k$ is odd.} \end{array}\end{align*}
                                                  
I've deleted a group-closing symbol because it seems to be
spurious, as in `$x}$'. But perhaps the } is legitimate and
you forgot something else, as in `\hbox{$x}'. In such cases
the way to recover is to insert both the forgotten and the
deleted material, e.g., by typing `I$}'.

! Missing \right. inserted.
<inserted text> 
                \right .
l.1347 ...{if $k$ is odd.} \end{array}\end{align*}
                                                  
I've inserted something that you may have forgotten.
(See the <inserted text> above.)
With luck, this will get me unwedged. But if you
really didn't forget anything, try typing `2' now; then
my insertion and my current dilemma will both disappear.

! Missing } inserted.
<inserted text> 
                }
l.1347 ...{if $k$ is odd.} \end{array}\end{align*}
                                                  
I've inserted something that you may have forgotten.
(See the <inserted text> above.)
With luck, this will get me unwedged. But if you
really didn't forget anything, try typing `2' now; then
my insertion and my current dilemma will both disappear.

! Extra }, or forgotten \right.
<template> }
            $}\ifmeasuring@ \savefieldlength@ \fi \set@field \hfil \endtempl...
l.1355 \end{align*}
                   
I've deleted a group-closing symbol because it seems to be
spurious, as in `$x}$'. But perhaps the } is legitimate and
you forgot something else, as in `\hbox{$x}'. In such cases
the way to recover is to insert both the forgotten and the
deleted material, e.g., by typing `I$}'.

! Missing \right. inserted.
<inserted text> 
                \right .
l.1355 \end{align*}
                   
I've inserted something that you may have forgotten.
(See the <inserted text> above.)
With luck, this will get me unwedged. But if you
really didn't forget anything, try typing `2' now; then
my insertion and my current dilemma will both disappear.

! Missing } inserted.
<inserted text> 
                }
l.1355 \end{align*}
                   
I've inserted something that you may have forgotten.
(See the <inserted text> above.)
With luck, this will get me unwedged. But if you
really didn't forget anything, try typing `2' now; then
my insertion and my current dilemma will both disappear.

! Extra }, or forgotten \right.
<template> }
            $}\ifmeasuring@ \savefieldlength@ \fi \set@field \hfil \endtempl...
l.1355 \end{align*}
                   
I've deleted a group-closing symbol because it seems to be
spurious, as in `$x}$'. But perhaps the } is legitimate and
you forgot something else, as in `\hbox{$x}'. In such cases
the way to recover is to insert both the forgotten and the
deleted material, e.g., by typing `I$}'.

! Missing \right. inserted.
<inserted text> 
                \right .
l.1355 \end{align*}
                   
I've inserted something that you may have forgotten.
(See the <inserted text> above.)
With luck, this will get me unwedged. But if you
really didn't forget anything, try typing `2' now; then
my insertion and my current dilemma will both disappear.

! Missing } inserted.
<inserted text> 
                }
l.1355 \end{align*}
                   
I've inserted something that you may have forgotten.
(See the <inserted text> above.)
With luck, this will get me unwedged. But if you
really didn't forget anything, try typing `2' now; then
my insertion and my current dilemma will both disappear.

! Missing \right. inserted.
<inserted text> 
                \right .
l.1357 ...q &\text{if $\tau$ is odd.} \end{array}$
                                                  $
I've inserted something that you may have forgotten.
(See the <inserted text> above.)
With luck, this will get me unwedged. But if you
really didn't forget anything, try typing `2' now; then
my insertion and my current dilemma will both disappear.

! Extra }, or forgotten \right.
<template> }
            $}\ifmeasuring@ \savefieldlength@ \fi \set@field \hfil \endtempl...
l.1365 \end{align*}
                   
I've deleted a group-closing symbol because it seems to be
spurious, as in `$x}$'. But perhaps the } is legitimate and
you forgot something else, as in `\hbox{$x}'. In such cases
the way to recover is to insert both the forgotten and the
deleted material, e.g., by typing `I$}'.

! Missing \right. inserted.
<inserted text> 
                \right .
l.1365 \end{align*}
                   
I've inserted something that you may have forgotten.
(See the <inserted text> above.)
With luck, this will get me unwedged. But if you
really didn't forget anything, try typing `2' now; then
my insertion and my current dilemma will both disappear.

! Missing } inserted.
<inserted text> 
                }
l.1365 \end{align*}
                   
I've inserted something that you may have forgotten.
(See the <inserted text> above.)
With luck, this will get me unwedged. But if you
really didn't forget anything, try typing `2' now; then
my insertion and my current dilemma will both disappear.

! Extra }, or forgotten \right.
<template> }
            $}\ifmeasuring@ \savefieldlength@ \fi \set@field \hfil \endtempl...
l.1365 \end{align*}
                   
I've deleted a group-closing symbol because it seems to be
spurious, as in `$x}$'. But perhaps the } is legitimate and
you forgot something else, as in `\hbox{$x}'. In such cases
the way to recover is to insert both the forgotten and the
deleted material, e.g., by typing `I$}'.

! Missing \right. inserted.
<inserted text> 
                \right .
l.1365 \end{align*}
                   
I've inserted something that you may have forgotten.
(See the <inserted text> above.)
With luck, this will get me unwedged. But if you
really didn't forget anything, try typing `2' now; then
my insertion and my current dilemma will both disappear.

! Missing } inserted.
<inserted text> 
                }
l.1365 \end{align*}
                   
I've inserted something that you may have forgotten.
(See the <inserted text> above.)
With luck, this will get me unwedged. But if you
really didn't forget anything, try typing `2' now; then
my insertion and my current dilemma will both disappear.

! Missing \right. inserted.
<inserted text> 
                \right .
l.1370 ...q &\text{if $\tau$ is odd.} \end{array}$
                                                  $
I've inserted something that you may have forgotten.
(See the <inserted text> above.)
With luck, this will get me unwedged. But if you
really didn't forget anything, try typing `2' now; then
my insertion and my current dilemma will both disappear.

[44] [45] [46]

! LaTeX Error: \caption outside float.

See the LaTeX manual or LaTeX Companion for explanation.
Type  H <return>  for immediate help.
 ...                                              
                                                  
l.1428   \caption
                 {{\bf table 2} The experimental time for Schoof's algorithm...

You're in trouble here.  Try typing  <return>  to proceed.
If that doesn't work, type  X <return>  to quit.

! Undefined control sequence.
\caption ... \endcsname \fi \fi \@dblarg {\@tempf 
                                                  \@captype }
l.1428   \caption
                 {{\bf table 2} The experimental time for Schoof's algorithm...
The control sequence at the end of the top line
of your error message was never \def'ed. If you have
misspelled it (e.g., `\hobx'), type `I' and the correct
spelling (e.g., `I\hbox'). Otherwise just continue,
and I'll forget about whatever was undefined.

! Undefined control sequence.
\caption ...e \fi \fi \@dblarg {\@tempf \@captype 
                                                  }
l.1428   \caption
                 {{\bf table 2} The experimental time for Schoof's algorithm...
The control sequence at the end of the top line
of your error message was never \def'ed. If you have
misspelled it (e.g., `\hobx'), type `I' and the correct
spelling (e.g., `I\hbox'). Otherwise just continue,
and I'll forget about whatever was undefined.

! Missing $ inserted.
<inserted text> 
                $
l.1429   \begin{array}{|c|c|c|}
                               
I've inserted a begin-math/end-math symbol since I think
you left one out. Proceed, with fingers crossed.

! Missing $ inserted.
<inserted text> 
                $
l.1433   \end{array}
                    
I've inserted something that you may have forgotten.
(See the <inserted text> above.)
With luck, this will get me unwedged. But if you
really didn't forget anything, try typing `2' now; then
my insertion and my current dilemma will both disappear.

[47] [48] [49]

! LaTeX Error: \caption outside float.

See the LaTeX manual or LaTeX Companion for explanation.
Type  H <return>  for immediate help.
 ...                                              
                                                  
l.1512   \caption
                 {{\bf table 3}.}\\
You're in trouble here.  Try typing  <return>  to proceed.
If that doesn't work, type  X <return>  to quit.

! Undefined control sequence.
\caption ... \endcsname \fi \fi \@dblarg {\@tempf 
                                                  \@captype }
l.1512   \caption
                 {{\bf table 3}.}\\
The control sequence at the end of the top line
of your error message was never \def'ed. If you have
misspelled it (e.g., `\hobx'), type `I' and the correct
spelling (e.g., `I\hbox'). Otherwise just continue,
and I'll forget about whatever was undefined.

! Undefined control sequence.
\caption ...e \fi \fi \@dblarg {\@tempf \@captype 
                                                  }
l.1512   \caption
                 {{\bf table 3}.}\\
The control sequence at the end of the top line
of your error message was never \def'ed. If you have
misspelled it (e.g., `\hobx'), type `I' and the correct
spelling (e.g., `I\hbox'). Otherwise just continue,
and I'll forget about whatever was undefined.

[50] [51] [52] [53] [54] [55] [56] [57] [58] [59]
! You can't use `macro parameter character #' in math mode.
l.1749 ...x+14.$$ It is possible to determine $N=#
                                                  E(\FF{p})=601$, which is a...
Sorry, but I'm not programmed to handle this case;
I'll just pretend that you didn't ask for it.
If you're in the wrong mode, you might be able to
return to the right one by typing `I}' or `I$' or `I\par'.

[60] [61] [62] [63] [64] [65] [66]

! LaTeX Error: Something's wrong--perhaps a missing \item.

See the LaTeX manual or LaTeX Companion for explanation.
Type  H <return>  for immediate help.
 ...                                              
                                                  
l.1898   \ENDIF
               
Try typing  <return>  to proceed.
If that doesn't work, type  X <return>  to quit.

[67]
! Undefined control sequence.
l.1909 ...(n_1,q)=1$, then two points $P_1,P_2\inE
                                                  (\FF{q})$ are in the same ...
The control sequence at the end of the top line
of your error message was never \def'ed. If you have
misspelled it (e.g., `\hobx'), type `I' and the correct
spelling (e.g., `I\hbox'). Otherwise just continue,
and I'll forget about whatever was undefined.

! Double superscript.
<recently read> ^
                 
l.1915 ..._1}([b]Q,[a']P+[b']Q)=e_{n_1}([b]Q,P)^a'
                                                  \cdot e_{n_1}(Q,Q)^{bb'} =...
I treat `x^1^2' essentially like `x^1{}^2'.

[68] [69] [70]

! LaTeX Error: \caption outside float.

See the LaTeX manual or LaTeX Companion for explanation.
Type  H <return>  for immediate help.
 ...                                              
                                                  
l.1994   \caption
                 {{\bf table 4} useful information for supersingular curves.}\\

You're in trouble here.  Try typing  <return>  to proceed.
If that doesn't work, type  X <return>  to quit.

! Undefined control sequence.
\caption ... \endcsname \fi \fi \@dblarg {\@tempf 
                                                  \@captype }
l.1994   \caption
                 {{\bf table 4} useful information for supersingular curves.}\\
The control sequence at the end of the top line
of your error message was never \def'ed. If you have
misspelled it (e.g., `\hobx'), type `I' and the correct
spelling (e.g., `I\hbox'). Otherwise just continue,
and I'll forget about whatever was undefined.

! Undefined control sequence.
\caption ...e \fi \fi \@dblarg {\@tempf \@captype 
                                                  }
l.1994   \caption
                 {{\bf table 4} useful information for supersingular curves.}\\
The control sequence at the end of the top line
of your error message was never \def'ed. If you have
misspelled it (e.g., `\hobx'), type `I' and the correct
spelling (e.g., `I\hbox'). Otherwise just continue,
and I'll forget about whatever was undefined.

[71] [72] [73] [74] [75] [76] [77] [78]
! Double subscript.
<recently read> _
                 
l.2218 ...Frobenius morphism. Then the map $\frob_
                                                  \ell=\frob|_{E[\ell]}:E[\e...
I treat `x_1_2' essentially like `x_1{}_2'.

! Double subscript.
<recently read> _
                 
l.2218 ...$, thus the matrix has the form $$\frob_
                                                  \ell=\begin{pmatrix}  1 & ...
I treat `x_1_2' essentially like `x_1{}_2'.

[79]
! Double subscript.
<recently read> _
                 
l.2218 ...$ assures us that $$1+b= \tr{\frob_\ell}
                                                   \equiv t = q+1-\#E(\FF{q}...
I treat `x_1_2' essentially like `x_1{}_2'.

! Double subscript.
<recently read> _
                 
l.2218 ...enius morphism can be written as $\frob_
                                                  \ell = \begin{pmatrix} 1 &...
I treat `x_1_2' essentially like `x_1{}_2'.

! Double subscript.
<recently read> _
                 
l.2218 ...hism can be given by the matrix $$\frob_
                                                  \ell^n=\begin{pmatrix}1 & ...
I treat `x_1_2' essentially like `x_1{}_2'.

! Double subscript.
<recently read> _
                 
l.2218 ...{ (mod }\ell) \;\Longrightarrow\; \frob_
                                                  \ell^k = \begin{pmatrix} 1...
I treat `x_1_2' essentially like `x_1{}_2'.

! Double subscript.
<recently read> _
                 
l.2235 ...as a matrix over $\Zmod{\ell}$: $$\frob_
                                                  \ell = \begin{pmatrix} 1 &...
I treat `x_1_2' essentially like `x_1{}_2'.

! Double subscript.
<recently read> _
                 
l.2235 ... $a \equiv 0$ (mod $\ell$), then $\frob_
                                                  \ell=\begin{pmatrix} 1 & 0...
I treat `x_1_2' essentially like `x_1{}_2'.

! Double subscript.
<recently read> _
                 
l.2235 ...sy to prove with induction that $$\frob_
                                                  \ell^n = \begin{pmatrix} 1...
I treat `x_1_2' essentially like `x_1{}_2'.

! Double subscript.
<recently read> _
                 
l.2235 ...} E[\ell] \;\Longleftrightarrow\; \frob_
                                                  \ell^k = \begin{pmatrix} 1...
I treat `x_1_2' essentially like `x_1{}_2'.

[80] [81] [82] [83] [84] [85]
! You can't use `macro parameter character #' in math mode.
l.2366 ...er 2. However if we define $t_i:=p^i+1-#
                                                  E(\FF{p^i})$ for all $i \g...
Sorry, but I'm not programmed to handle this case;
I'll just pretend that you didn't ask for it.
If you're in the wrong mode, you might be able to
return to the right one by typing `I}' or `I$' or `I\par'.

[86]

! Package amsmath Error: Erroneous nesting of equation structures;
(amsmath)                trying to recover with `aligned'.

See the amsmath package documentation for explanation.
Type  H <return>  for immediate help.
 ...                                              
                                                  
l.2378 \end{align*}
                   
Try typing  <return>  to proceed.
If that doesn't work, type  X <return>  to quit.

[87] [88] [89] [90] [91]
! You can't use `macro parameter character #' in horizontal mode.
l.2461   PKCS #
               1 v1.5,
Sorry, but I'm not programmed to handle this case;
I'll just pretend that you didn't ask for it.
If you're in the wrong mode, you might be able to
return to the right one by typing `I}' or `I$' or `I\par'.

! Misplaced alignment tab character &.
l.2517   Chapman &
                   Hall/CRC, Taylor & Francis Group,
I can't figure out why you would want to use a tab mark
here. If you just want an ampersand, the remedy is
simple: Just type `I\&' now. But if some right brace
up above has ended a previous alignment prematurely,
you're probably due for more error messages, and you
might try typing `S' now just to see what is salvageable.

! Misplaced alignment tab character &.
l.2517   Chapman & Hall/CRC, Taylor &
                                      Francis Group,
I can't figure out why you would want to use a tab mark
here. If you just want an ampersand, the remedy is
simple: Just type `I\&' now. But if some right brace
up above has ended a previous alignment prematurely,
you're probably due for more error messages, and you
might try typing `S' now just to see what is salvageable.

[92]
! Misplaced alignment tab character &.
l.2717   Taylor &
                  Francis Ltd,
I can't figure out why you would want to use a tab mark
here. If you just want an ampersand, the remedy is
simple: Just type `I\&' now. But if some right brace
up above has ended a previous alignment prematurely,
you're probably due for more error messages, and you
might try typing `S' now just to see what is salvageable.

[93]
! Misplaced alignment tab character &.
l.2806   Chapman &
                   Hall/CRC, Taylor & Francis Group,
I can't figure out why you would want to use a tab mark
here. If you just want an ampersand, the remedy is
simple: Just type `I\&' now. But if some right brace
up above has ended a previous alignment prematurely,
you're probably due for more error messages, and you
might try typing `S' now just to see what is salvageable.

! Misplaced alignment tab character &.
l.2806   Chapman & Hall/CRC, Taylor &
                                      Francis Group,
I can't figure out why you would want to use a tab mark
here. If you just want an ampersand, the remedy is
simple: Just type `I\&' now. But if some right brace
up above has ended a previous alignment prematurely,
you're probably due for more error messages, and you
might try typing `S' now just to see what is salvageable.

[94]

LaTeX Font Warning: Command \large invalid in math mode on input line 2837.


LaTeX Font Warning: Command \Large invalid in math mode on input line 2838.

[95]
! Misplaced alignment tab character &.
l.2850 $$ P_1 &
               :=\psi_\tau^{2q}\Big(\beta^2\big(-(X^{q^2}+X^q+X)\psi_k^2+\ps...
I can't figure out why you would want to use a tab mark
here. If you just want an ampersand, the remedy is
simple: Just type `I\&' now. But if some right brace
up above has ended a previous alignment prematurely,
you're probably due for more error messages, and you
might try typing `S' now just to see what is salvageable.

! Misplaced alignment tab character &.
l.2851 $$P_2 &
              :=4Y^q\psi_\tau^{3q}\Big(-\beta^3\psi_k^2Y^{q^2}-\alpha\beta^2...
I can't figure out why you would want to use a tab mark
here. If you just want an ampersand, the remedy is
simple: Just type `I\&' now. But if some right brace
up above has ended a previous alignment prematurely,
you're probably due for more error messages, and you
might try typing `S' now just to see what is salvageable.


! Package amsmath Error: Erroneous nesting of equation structures;
(amsmath)                trying to recover with `aligned'.

See the amsmath package documentation for explanation.
Type  H <return>  for immediate help.
 ...                                              
                                                  
l.2854 ...u-2}\psi_{\tau+1}^2\big)^q, \end{align*}
                                                  \end{equation}
Try typing  <return>  to proceed.
If that doesn't work, type  X <return>  to quit.

[96]
! Missing delimiter (. inserted).
<to be read again> 
                   \gdef 
l.2884 \end{equation}
                     
I was expecting to see something like `(' or `\{' or
`\}' here. If you typed, e.g., `{' instead of `\{', you
should probably delete the `{' by typing `1' now, so that
braces don't get unbalanced. Otherwise just proceed.
Acceptable delimiters are characters whose \delcode is
nonnegative, or you can use `\delimiter <delimiter code>'.

! Double superscript.
<argument> ...Sf_{k-1}f_{k+1})+\alpha '^3\psi '_k^
                                                  2), 
l.2899 \end{align*}
                   
I treat `x^1^2' essentially like `x^1{}^2'.

! Double superscript.
<argument> ...Sf_{k-1}f_{k+1})+\alpha '^3\psi '_k^
                                                  2), 
l.2899 \end{align*}
                   
I treat `x^1^2' essentially like `x^1{}^2'.

! Missing delimiter (. inserted).
<to be read again> 
                   \gdef 
l.2906 ...is odd.} \end{array}\right\end{equation}
                                                  
I was expecting to see something like `(' or `\{' or
`\}' here. If you typed, e.g., `{' instead of `\{', you
should probably delete the `{' by typing `1' now, so that
braces don't get unbalanced. Otherwise just proceed.
Acceptable delimiters are characters whose \delcode is
nonnegative, or you can use `\delimiter <delimiter code>'.

[97] [98] (./ellipticcurvecrypto.aux)

LaTeX Warning: There were multiply-defined labels.

 ) 
Here is how much of TeX's memory you used:
 3986 strings out of 493304
 52832 string characters out of 6139870
 128373 words of memory out of 5000000
 7355 multiletter control sequences out of 15000+600000
 17499 words of font info for 65 fonts, out of 8000000 for 9000
 957 hyphenation exceptions out of 8191
 39i,19n,26p,2813b,555s stack positions out of 5000i,500n,10000p,200000b,80000s
</usr/share/texlive/texmf-dist/fonts/type1/public/amsfonts/cm/cmbx10.pfb></us
r/share/texlive/texmf-dist/fonts/type1/public/amsfonts/cm/cmbx12.pfb></usr/shar
e/texlive/texmf-dist/fonts/type1/public/amsfonts/cm/cmcsc10.pfb></usr/share/tex
live/texmf-dist/fonts/type1/public/amsfonts/cm/cmex10.pfb></usr/share/texlive/t
exmf-dist/fonts/type1/public/amsfonts/cmextra/cmex7.pfb></usr/share/texlive/tex
mf-dist/fonts/type1/public/amsfonts/cmextra/cmex8.pfb></usr/share/texlive/texmf
-dist/fonts/type1/public/amsfonts/cm/cmmi10.pfb></usr/share/texlive/texmf-dist/
fonts/type1/public/amsfonts/cm/cmmi12.pfb></usr/share/texlive/texmf-dist/fonts/
type1/public/amsfonts/cm/cmmi5.pfb></usr/share/texlive/texmf-dist/fonts/type1/p
ublic/amsfonts/cm/cmmi6.pfb></usr/share/texlive/texmf-dist/fonts/type1/public/a
msfonts/cm/cmmi7.pfb></usr/share/texlive/texmf-dist/fonts/type1/public/amsfonts
/cm/cmmi8.pfb></usr/share/texlive/texmf-dist/fonts/type1/public/amsfonts/cm/cmm
ib10.pfb></usr/share/texlive/texmf-dist/fonts/type1/public/amsfonts/cm/cmr10.pf
b></usr/share/texlive/texmf-dist/fonts/type1/public/amsfonts/cm/cmr12.pfb></usr
/share/texlive/texmf-dist/fonts/type1/public/amsfonts/cm/cmr5.pfb></usr/share/t
exlive/texmf-dist/fonts/type1/public/amsfonts/cm/cmr6.pfb></usr/share/texlive/t
exmf-dist/fonts/type1/public/amsfonts/cm/cmr7.pfb></usr/share/texlive/texmf-dis
t/fonts/type1/public/amsfonts/cm/cmr8.pfb></usr/share/texlive/texmf-dist/fonts/
type1/public/amsfonts/cm/cmsy10.pfb></usr/share/texlive/texmf-dist/fonts/type1/
public/amsfonts/cm/cmsy5.pfb></usr/share/texlive/texmf-dist/fonts/type1/public/
amsfonts/cm/cmsy6.pfb></usr/share/texlive/texmf-dist/fonts/type1/public/amsfont
s/cm/cmsy7.pfb></usr/share/texlive/texmf-dist/fonts/type1/public/amsfonts/cm/cm
sy8.pfb></usr/share/texlive/texmf-dist/fonts/type1/public/amsfonts/cm/cmti10.pf
b></usr/share/texlive/texmf-dist/fonts/type1/public/amsfonts/cm/cmti7.pfb></usr
/share/texlive/texmf-dist/fonts/type1/public/amsfonts/symbols/msbm10.pfb></usr/
share/texlive/texmf-dist/fonts/type1/public/amsfonts/symbols/msbm7.pfb>
Output written on ellipticcurvecrypto.pdf (99 pages, 854871 bytes).
PDF statistics:
 441 PDF objects out of 1000 (max. 8388607)
 304 compressed objects within 4 object streams
 0 named destinations out of 1000 (max. 500000)
 16 words of extra memory for PDF output out of 10000 (max. 10000000)

